2025-11-14T08:23:20.958Z - WebSocket listening on ws://localhost:8080/ws/rfid
2025-11-14T08:23:20.997Z - ERROR: Serial error: Opening COM3: File not found
2025-11-14T08:26:48.305Z - WebSocket listening on ws://localhost:8080/ws/rfid
2025-11-14T08:26:48.368Z - ERROR: Serial error: Opening COM3: File not found
2025-11-14T08:29:54.942Z - WebSocket listening on ws://localhost:8080/ws/rfid
2025-11-14T08:29:54.956Z - ERROR: Serial error: Opening COM3: File not found
2025-11-27T08:04:15.769Z - WebSocket listening on ws://localhost:8080/ws/rfid
2025-11-27T08:04:15.817Z - ERROR: Serial error: Opening COM3: File not found
2025-11-27T08:06:13.448Z - WebSocket listening on ws://localhost:8080/ws/rfid
2025-11-27T08:06:13.459Z - Serial connected on COM5 @ 9600
2025-11-27T08:06:15.003Z - UID Scanned: ARDUINO READY
2025-11-27T08:06:23.467Z - UID Scanned: UID|FF0FC6BF210000
2025-11-27T08:06:25.797Z - UID Scanned: UID|FF0FD2BF210000
2025-11-27T08:06:33.915Z - UID Scanned: UID|FF0F1ACB210000
2025-11-27T08:06:59.317Z - UID Scanned: UID|FF0FD2BF210000
2025-11-27T08:07:05.327Z - UID Scanned: UID|FF0FC6BF210000
2025-11-27T08:07:09.078Z - UID Scanned: UID|FF0FC6BF210000
2025-11-27T08:07:12.830Z - UID Scanned: UID|FF0F1ACB210000
2025-11-27T08:07:15.238Z - UID Scanned: UID|FF0F26CB210000
2025-11-27T08:07:26.345Z - UID Scanned: UID|3399E51D
2025-11-27T08:07:29.813Z - UID Scanned: UID|B0E91225
2025-11-27T08:07:46.770Z - UID Scanned: UID|FF0FD2BF210000
2025-11-27T08:07:49.813Z - UID Scanned: UID|FF0FC6BF210000
2025-11-27T08:07:52.427Z - UID Scanned: UID|FF0F26CB210000
2025-11-27T08:07:54.324Z - UID Scanned: UID|FF0F1ACB210000
2025-11-27T08:07:56.207Z - UID Scanned: UID|B0E91225
2025-11-27T08:07:59.934Z - UID Scanned: UID|3399E51D
2025-11-27T08:11:50.414Z - UID Scanned: UID|FF0F26CB210000
2025-11-27T08:12:02.049Z - UID Scanned: UID|3399E51D
2025-11-27T08:12:04.660Z - UID Scanned: UID|3399E51D
2025-11-27T08:12:05.895Z - UID Scanned: UID|3399E51D
2025-11-27T08:12:32.059Z - UID Scanned: UID|3399E51D
2025-11-27T08:12:40.995Z - UID Scanned: UID|FF0F1ACB210000
2025-11-27T08:13:06.792Z - UID Scanned: UID|3399E51D
2025-11-27T08:13:12.635Z - UID Scanned: UID|FF0F26CB210000
2025-11-27T08:13:14.864Z - UID Scanned: UID|FF0FC6BF210000
2025-11-27T08:13:17.294Z - UID Scanned: UID|B0E91225
2025-11-27T08:13:19.123Z - UID Scanned: UID|FF0FD2BF210000
2025-11-27T08:13:34.136Z - UID Scanned: UID|B0E91225
2025-11-27T08:13:36.218Z - UID Scanned: UID|FF0FD2BF210000
2025-11-27T08:13:38.388Z - UID Scanned: UID|3399E51D
2025-11-27T08:13:40.320Z - UID Scanned: UID|FF0FC6BF210000
2025-11-27T08:14:21.621Z - UID Scanned: UID|B0E91225
2025-11-27T08:14:55.633Z - UID Scanned: UID|FF0FD2BF210000
2025-11-27T08:14:58.803Z - UID Scanned: UID|FF0FC6BF210000
2025-11-27T08:15:03.952Z - UID Scanned: UID|FF0F26CB210000
2025-11-27T08:15:05.702Z - UID Scanned: UID|FF0F1ACB210000
2025-11-27T08:16:11.065Z - UID Scanned: UID|B0E91225
2025-11-27T08:16:14.840Z - UID Scanned: UID|3399E51D
2025-11-27T08:16:17.100Z - UID Scanned: UID|FF0FC6BF210000
2025-11-27T08:16:21.385Z - UID Scanned: UID|FF0F26CB210000
2025-11-27T08:16:22.878Z - UID Scanned: UID|FF0F1ACB210000
2025-11-27T08:17:04.040Z - UID Scanned: UID|FF0FC6BF210000
2025-11-27T08:17:05.076Z - UID Scanned: UID|FF0FD2BF210000
2025-11-27T08:17:09.325Z - UID Scanned: UID|B0E91225
2025-11-27T08:17:11.983Z - UID Scanned: UID|3399E51D
2025-11-27T08:18:40.585Z - UID Scanned: UID|FF0FC6BF210000
2025-11-27T08:18:42.587Z - UID Scanned: UID|FF0F1ACB210000
2025-11-27T08:18:47.751Z - UID Scanned: UID|B0E91225
2025-11-27T08:18:48.784Z - UID Scanned: UID|B0E91225
2025-11-27T08:18:49.850Z - UID Scanned: UID|B0E91225
2025-11-27T08:18:50.883Z - UID Scanned: UID|B0E91225
2025-11-27T08:18:51.916Z - UID Scanned: UID|B0E91225
2025-11-27T08:18:55.131Z - UID Scanned: UID|B0E91225
2025-11-27T08:18:56.164Z - UID Scanned: UID|B0E91225
2025-11-27T08:18:57.428Z - UID Scanned: UID|B0E91225
2025-11-27T08:18:58.461Z - UID Scanned: UID|B0E91225
2025-11-27T08:18:59.499Z - UID Scanned: UID|B0E91225
2025-11-27T08:19:00.532Z - UID Scanned: UID|B0E91225
2025-11-27T08:19:02.809Z - UID Scanned: UID|B0E91225
2025-11-27T08:19:03.994Z - UID Scanned: UID|B0E91225
2025-11-27T08:19:05.228Z - UID Scanned: UID|B0E91225
2025-11-27T08:20:01.364Z - UID Scanned: UID|B0E91225
2025-11-27T08:22:07.773Z - WebSocket listening on ws://localhost:8080/ws/rfid
2025-11-27T08:22:07.778Z - ERROR: Serial error: Opening COM5: Access denied
2025-11-27T08:22:49.857Z - WebSocket listening on ws://localhost:8080/ws/rfid
2025-11-27T08:22:49.869Z - Serial connected on COM5 @ 9600
2025-11-27T08:22:51.434Z - UID Scanned: Kasir RFID Siap!
2025-11-27T08:22:51.463Z - UID Scanned: Menunggu pemindaian tag RFID...
2025-11-27T08:29:20.946Z - UID Scanned: B0E91225
2025-11-27T08:29:24.453Z - UID Scanned: FF0F1ACB210000
2025-11-27T08:29:27.774Z - UID Scanned: FF0F26CB210000
2025-11-27T08:36:46.627Z - UID Scanned: 3399E51D
2025-11-27T11:55:53.665Z - WebSocket listening on ws://localhost:8080/ws/rfid
2025-11-27T11:55:53.672Z - ERROR: Serial error: Opening COM5: File not found
